<?xml version="1.0" encoding="UTF-8"?>
<!-- Generated by org.testng.reporters.JUnitXMLReporter -->
<testsuite hostname="naveen" name="Default test" tests="3" failures="0" timestamp="1 Aug 2018 09:21:48 GMT" time="11.01" errors="0">
  <testcase name="addbankdetails" time="4.264" classname="com.seleniumnew.newtest3107.addpayslipsnaveen"/>
  <testcase name="adddepartment" time="3.24" classname="com.seleniumnew.newtest3107.addpayslipsnaveen"/>
  <testcase name="Generatepayslips" time="3.482" classname="com.seleniumnew.newtest3107.addpayslipsnaveen"/>
</testsuite> <!-- Default test -->
