<?xml version="1.0" encoding="UTF-8"?>
<!-- Generated by org.testng.reporters.JUnitXMLReporter -->
<testsuite hostname="naveen" ignored="0" name="Default test" tests="3" failures="0" timestamp="01 Aug 2018 11:37:00 GMT" time="11.818" errors="0">
  <testcase name="addbankdetails" time="4.261" classname="com.seleniumnew.newtest3107.addpayslipsnaveen"/>
  <testcase name="adddepartment" time="3.368" classname="com.seleniumnew.newtest3107.addpayslipsnaveen"/>
  <testcase name="Generatepayslips" time="4.152" classname="com.seleniumnew.newtest3107.addpayslipsnaveen"/>
</testsuite> <!-- Default test -->
