<?xml version="1.0" encoding="UTF-8"?>
<testng-results skipped="0" failed="0" ignored="0" total="3" passed="3">
  <reporter-output>
  </reporter-output>
  <suite name="Default suite" duration-ms="11818" started-at="2018-08-01T11:36:49Z" finished-at="2018-08-01T11:37:00Z">
    <groups>
    </groups>
    <test name="Default test" duration-ms="11818" started-at="2018-08-01T11:36:49Z" finished-at="2018-08-01T11:37:00Z">
      <class name="com.seleniumnew.newtest3107.addpayslipsnaveen">
        <test-method status="PASS" signature="addbankdetails()[pri:1, instance:com.seleniumnew.newtest3107.addpayslipsnaveen@464bee09]" name="addbankdetails" duration-ms="4261" started-at="2018-08-01T11:36:49Z" finished-at="2018-08-01T11:36:53Z">
          <reporter-output>
          </reporter-output>
        </test-method> <!-- addbankdetails -->
        <test-method status="PASS" signature="adddepartment()[pri:2, instance:com.seleniumnew.newtest3107.addpayslipsnaveen@464bee09]" name="adddepartment" duration-ms="3368" started-at="2018-08-01T11:36:53Z" finished-at="2018-08-01T11:36:56Z">
          <reporter-output>
          </reporter-output>
        </test-method> <!-- adddepartment -->
        <test-method status="PASS" signature="Generatepayslips()[pri:3, instance:com.seleniumnew.newtest3107.addpayslipsnaveen@464bee09]" name="Generatepayslips" duration-ms="4152" started-at="2018-08-01T11:36:56Z" finished-at="2018-08-01T11:37:00Z">
          <reporter-output>
          </reporter-output>
        </test-method> <!-- Generatepayslips -->
      </class> <!-- com.seleniumnew.newtest3107.addpayslipsnaveen -->
    </test> <!-- Default test -->
  </suite> <!-- Default suite -->
</testng-results>
